<?xml version="1.0" encoding="UTF-8"?><testsuite errors="1" failures="0" name="create an account Travelocity" skipped="0" tests="1" time="45.08" timestamp="2021-03-05 09:06:37"><testcase name="create account"><error message="no such element: Unable to locate element: {&quot;method&quot;:&quot;xpath&quot;,&quot;selector&quot;:&quot;//*[@id=&quot;recaptcha-anchor&quot;]/div[1]&quot;}&#10;  (Session info: chrome=81.0.4044.92)&#10;For documentation on this error, please visit: http://seleniumhq.org/exceptions/no_such_element.html&#10;Build info: version: '3.12.0', revision: '7c6e0b3', time: '2018-05-08T14:04:26.12Z'&#10;System info: host: '3RO-QVISAOR6SV', ip: '192.168.1.66', os.name: 'Windows 10', os.arch: 'amd64', os.version: '10.0', java.version: '1.8.0_192'&#10;Driver info: org.openqa.selenium.remote.RemoteWebDriver&#10;Capabilities {acceptInsecureCerts: false, browserName: chrome, browserVersion: 81.0.4044.92, chrome: {chromedriverVersion: 81.0.4044.69 (6813546031a4b..., userDataDir: C:\Users\nataanan\AppData\L...}, goog:chromeOptions: {debuggerAddress: localhost:57051}, javascriptEnabled: true, networkConnectionEnabled: false, pageLoadStrategy: normal, platform: WINDOWS, platformName: WINDOWS, proxy: Proxy(), setWindowRect: true, strictFileInteractability: false, timeouts: {implicit: 0, pageLoad: 300000, script: 30000}, unhandledPromptBehavior: dismiss and notify, webauthn:virtualAuthenticators: true}&#10;Session ID: 0c5a6ad602ad3e3dafd744e268ce5d37&#10;*** Element info: {Using=xpath, value=//*[@id=&quot;recaptcha-anchor&quot;]/div[1]}" type="org.openqa.selenium.NoSuchElementException">no such element: Unable to locate element: {"method":"xpath","selector":"//*[@id="recaptcha-anchor"]/div[1]"}
  (Session info: chrome=81.0.4044.92)
For documentation on this error, please visit: http://seleniumhq.org/exceptions/no_such_element.html
Build info: version: '3.12.0', revision: '7c6e0b3', time: '2018-05-08T14:04:26.12Z'
System info: host: '3RO-QVISAOR6SV', ip: '192.168.1.66', os.name: 'Windows 10', os.arch: 'amd64', os.version: '10.0', java.version: '1.8.0_192'
Driver info: org.openqa.selenium.remote.RemoteWebDriver
Capabilities {acceptInsecureCerts: false, browserName: chrome, browserVersion: 81.0.4044.92, chrome: {chromedriverVersion: 81.0.4044.69 (6813546031a4b..., userDataDir: C:\Users\nataanan\AppData\L...}, goog:chromeOptions: {debuggerAddress: localhost:57051}, javascriptEnabled: true, networkConnectionEnabled: false, pageLoadStrategy: normal, platform: WINDOWS, platformName: WINDOWS, proxy: Proxy(), setWindowRect: true, strictFileInteractability: false, timeouts: {implicit: 0, pageLoad: 300000, script: 30000}, unhandledPromptBehavior: dismiss and notify, webauthn:virtualAuthenticators: true}
Session ID: 0c5a6ad602ad3e3dafd744e268ce5d37
*** Element info: {Using=xpath, value=//*[@id="recaptcha-anchor"]/div[1]}</error><system-err>no such element: Unable to locate element: {"method":"xpath","selector":"//*[@id="recaptcha-anchor"]/div[1]"}
  (Session info: chrome=81.0.4044.92)
For documentation on this error, please visit: http://seleniumhq.org/exceptions/no_such_element.html
Build info: version: '3.12.0', revision: '7c6e0b3', time: '2018-05-08T14:04:26.12Z'
System info: host: '3RO-QVISAOR6SV', ip: '192.168.1.66', os.name: 'Windows 10', os.arch: 'amd64', os.version: '10.0', java.version: '1.8.0_192'
Driver info: org.openqa.selenium.remote.RemoteWebDriver
Capabilities {acceptInsecureCerts: false, browserName: chrome, browserVersion: 81.0.4044.92, chrome: {chromedriverVersion: 81.0.4044.69 (6813546031a4b..., userDataDir: C:\Users\nataanan\AppData\L...}, goog:chromeOptions: {debuggerAddress: localhost:57051}, javascriptEnabled: true, networkConnectionEnabled: false, pageLoadStrategy: normal, platform: WINDOWS, platformName: WINDOWS, proxy: Proxy(), setWindowRect: true, strictFileInteractability: false, timeouts: {implicit: 0, pageLoad: 300000, script: 30000}, unhandledPromptBehavior: dismiss and notify, webauthn:virtualAuthenticators: true}
Session ID: 0c5a6ad602ad3e3dafd744e268ce5d37
*** Element info: {Using=xpath, value=//*[@id="recaptcha-anchor"]/div[1]}&#13;
com.devco.qa.travelocity.tasks.AdmitNotRobot.performAs(AdmitNotRobot.java:23)&#13;
com.devco.qa.travelocity.stepdefinitions.CreateAccountStepDefinition.sheCreateAnAccountWithTheCorrectData(CreateAccountStepDefinition.java:54)&#13;
cucumber.runner.Runner.runPickle(Runner.java:80)&#13;
org.eclipse.jdt.internal.junit4.runner.JUnit4TestReference.run(JUnit4TestReference.java:89)&#13;
org.eclipse.jdt.internal.junit.runner.TestExecution.run(TestExecution.java:41)&#13;
org.eclipse.jdt.internal.junit.runner.RemoteTestRunner.runTests(RemoteTestRunner.java:541)&#13;
org.eclipse.jdt.internal.junit.runner.RemoteTestRunner.runTests(RemoteTestRunner.java:763)&#13;
org.eclipse.jdt.internal.junit.runner.RemoteTestRunner.run(RemoteTestRunner.java:463)&#13;
org.eclipse.jdt.internal.junit.runner.RemoteTestRunner.main(RemoteTestRunner.java:209)&#13;
</system-err></testcase></testsuite>