<?xml version="1.0" encoding="UTF-8"?><testsuite errors="0" failures="1" name="Search for a travel with Travelocity" skipped="0" tests="1" time="86.01" timestamp="2021-03-07 07:13:53"><testcase name="search for a travel"><failure message="Expected enabled element was not enabled" type="net.thucydides.core.webdriver.exceptions.ElementShouldBeEnabledException">Expected enabled element was not enabled</failure><system-err>Expected enabled element was not enabled&#13;
com.devco.qa.travelocity.tasks.SelectTravel.performAs(SelectTravel.java:22)&#13;
com.devco.qa.travelocity.stepdefinitions.SearchTravelStepDefinition.sheSearchATravel(SearchTravelStepDefinition.java:49)&#13;
cucumber.runner.Runner.runPickle(Runner.java:80)&#13;
org.eclipse.jdt.internal.junit4.runner.JUnit4TestReference.run(JUnit4TestReference.java:89)&#13;
org.eclipse.jdt.internal.junit.runner.TestExecution.run(TestExecution.java:41)&#13;
org.eclipse.jdt.internal.junit.runner.RemoteTestRunner.runTests(RemoteTestRunner.java:541)&#13;
org.eclipse.jdt.internal.junit.runner.RemoteTestRunner.runTests(RemoteTestRunner.java:763)&#13;
org.eclipse.jdt.internal.junit.runner.RemoteTestRunner.run(RemoteTestRunner.java:463)&#13;
org.eclipse.jdt.internal.junit.runner.RemoteTestRunner.main(RemoteTestRunner.java:209)&#13;
</system-err></testcase></testsuite>