<?xml version="1.0" encoding="UTF-8"?><testsuite errors="1" failures="0" name="create an account Travelocity" skipped="0" tests="1" time="53.07" timestamp="2021-02-18 02:09:29"><testcase name="create account"><error message="Superclass has no null constructors but no arguments were given" type="java.lang.IllegalArgumentException">Superclass has no null constructors but no arguments were given</error><system-err>Superclass has no null constructors but no arguments were given&#13;
com.devco.qa.travelocity.tasks.CreateAccount.in(CreateAccount.java:39)&#13;
com.devco.qa.travelocity.stepdefinitions.CreateAccountStepDefinition.sheCreateAnAccountWithTheCorrectData(CreateAccountStepDefinition.java:54)&#13;
✽.she create an account with the correct data(src/test/resources/features/create_account.feature:10)&#13;
</system-err></testcase></testsuite>